<?xml version="1.0" encoding="UTF-8"?>
<!-- Generated by org.testng.reporters.JUnitReportReporter -->
<testsuite skipped="0" hostname="LAPTOP-PNMBG4GJ" name="jupiter.tests.ContactPage" tests="5" failures="0" timestamp="2021-09-18T15:34:55 AEST" time="73.483" errors="0">
  <testcase name="testContact" time="16.942" classname="jupiter.tests.ContactPage"/>
  <system-out>
    <![CDATA[The registration is successful]]>
  </system-out>
  <testcase name="testContact" time="12.166" classname="jupiter.tests.ContactPage"/>
  <system-out>
    <![CDATA[The registration is successful]]>
  </system-out>
  <testcase name="testContact" time="12.314" classname="jupiter.tests.ContactPage"/>
  <system-out>
    <![CDATA[The registration is successful]]>
  </system-out>
  <testcase name="testContact" time="12.960" classname="jupiter.tests.ContactPage"/>
  <system-out>
    <![CDATA[The registration is successful]]>
  </system-out>
  <testcase name="testContact" time="19.101" classname="jupiter.tests.ContactPage"/>
  <system-out>
    <![CDATA[The registration is successful]]>
  </system-out>
</testsuite> <!-- jupiter.tests.ContactPage -->
