<?xml version="1.0" encoding="UTF-8"?>
<!-- Generated by org.testng.reporters.JUnitReportReporter -->
<testsuite skipped="0" hostname="LAPTOP-PNMBG4GJ" name="jupiter.tests.CartItems" tests="1" failures="0" timestamp="2021-09-18T15:34:55 AEST" time="7.404" errors="0">
  <testcase name="Items" time="7.404" classname="jupiter.tests.CartItems"/>
  <system-out>
    <![CDATA[First Row in a cart hasFunny Cowwith count2
Second Row in a cart hasFluffy Bunnywith count1]]>
  </system-out>
</testsuite> <!-- jupiter.tests.CartItems -->
