<?xml version="1.0" encoding="UTF-8"?>
<!-- Generated by org.testng.reporters.JUnitReportReporter -->
<testsuite skipped="0" hostname="LAPTOP-PNMBG4GJ" name="jupiter.tests.SubTotal" tests="1" failures="0" timestamp="2021-09-18T15:34:55 AEST" time="8.712" errors="0">
  <testcase name="subitems" time="8.712" classname="jupiter.tests.SubTotal"/>
  <system-out>
    <![CDATA[Sub total for 2 Stuffed Frog  is$21.98
Sub total for 5 Fluffy Bunny is$49.95
Sub total for 3 Valentine Bear is$44.97]]>
  </system-out>
</testsuite> <!-- jupiter.tests.SubTotal -->
