<?xml version="1.0" encoding="UTF-8"?>
<!-- Generated by org.testng.reporters.JUnitReportReporter -->
<testsuite hostname="LAPTOP-PNMBG4GJ" failures="0" tests="1" name="jupiter.base.BaseClass" time="0.009" errors="0" timestamp="2021-09-18T13:08:55 AEST" skipped="0">
  <testcase classname="jupiter.base.BaseClass" name="f" time="0.009"/>
  <system-out/>
</testsuite> <!-- jupiter.base.BaseClass -->
