<?xml version="1.0" encoding="UTF-8"?>
<!-- Generated by org.testng.reporters.JUnitReportReporter -->
<testsuite skipped="0" hostname="LAPTOP-PNMBG4GJ" name="jupiter.tests.CartItems" tests="1" failures="0" timestamp="2021-09-18T15:24:40 AEST" time="7.315" errors="0">
  <testcase name="Items" time="7.315" classname="jupiter.tests.CartItems"/>
</testsuite> <!-- jupiter.tests.CartItems -->
