<?xml version="1.0" encoding="UTF-8"?>
<!-- Generated by org.testng.reporters.JUnitReportReporter -->
<testsuite skipped="0" hostname="LAPTOP-PNMBG4GJ" name="jupiter.tests.ContactPage" tests="5" failures="0" timestamp="2021-09-18T15:24:40 AEST" time="82.504" errors="0">
  <testcase name="testContact" time="14.162" classname="jupiter.tests.ContactPage"/>
  <testcase name="testContact" time="20.121" classname="jupiter.tests.ContactPage"/>
  <testcase name="testContact" time="13.871" classname="jupiter.tests.ContactPage"/>
  <testcase name="testContact" time="17.422" classname="jupiter.tests.ContactPage"/>
  <testcase name="testContact" time="16.928" classname="jupiter.tests.ContactPage"/>
</testsuite> <!-- jupiter.tests.ContactPage -->
