<?xml version="1.0" encoding="UTF-8"?>
<!-- Generated by org.testng.reporters.JUnitReportReporter -->
<testsuite skipped="0" hostname="LAPTOP-PNMBG4GJ" name="jupiter.tests.SubTotal" tests="1" failures="0" timestamp="2021-09-18T15:24:40 AEST" time="8.782" errors="0">
  <testcase name="subitems" time="8.782" classname="jupiter.tests.SubTotal"/>
</testsuite> <!-- jupiter.tests.SubTotal -->
